# JRE version: OpenJDK Runtime Environment (15.0.2+10) (build 15.0.2+10)
# Java VM: OpenJDK 64-Bit Server VM (15.0.2+10, mixed mode, sharing, tiered, compressed oops, g1 gc, windows-amd64)
GC Precious Log:
 CPUs: 12 total, 12 available
 Memory: 23749M
 Large Page Support: Disabled
 NUMA Support: Disabled
 Compressed Oops: Enabled (Zero based)
 Heap Region Size: 4M
 Heap Min Capacity: 8M
 Heap Initial Capacity: 372M
 Heap Max Capacity: 5940M
 Pre-touch: Disabled
 Parallel Workers: 10
 Concurrent Workers: 3
 Concurrent Refinement Workers: 10
 Periodic GC: Disabled
Heap:
 garbage-first heap   total 204800K, used 124658K [0x000000068cc00000, 0x0000000800000000)
  region size 4096K, 5 young (20480K), 2 survivors (8192K)
 Metaspace       used 51649K, capacity 51947K, committed 52656K, reserved 1095680K
  class space    used 7036K, capacity 7166K, committed 7168K, reserved 1048576K
GC Heap History (20 events):
Event: 10.306 GC heap before
{Heap before GC invocations=8 (full 0):
 garbage-first heap   total 110592K, used 65791K [0x000000068cc00000, 0x0000000800000000)
  region size 4096K, 9 young (36864K), 2 survivors (8192K)
 Metaspace       used 37440K, capacity 37759K, committed 38320K, reserved 1083392K
  class space    used 4434K, capacity 4534K, committed 4608K, reserved 1048576K
}
Event: 10.310 GC heap after
{Heap after GC invocations=9 (full 0):
 garbage-first heap   total 110592K, used 47904K [0x000000068cc00000, 0x0000000800000000)
  region size 4096K, 2 young (8192K), 2 survivors (8192K)
 Metaspace       used 37440K, capacity 37759K, committed 38320K, reserved 1083392K
  class space    used 4434K, capacity 4534K, committed 4608K, reserved 1048576K
}
Event: 12.730 GC heap before
{Heap before GC invocations=9 (full 0):
 garbage-first heap   total 110592K, used 72480K [0x000000068cc00000, 0x0000000800000000)
  region size 4096K, 8 young (32768K), 2 survivors (8192K)
 Metaspace       used 40751K, capacity 41079K, committed 41776K, reserved 1085440K
  class space    used 5091K, capacity 5174K, committed 5248K, reserved 1048576K
}
Event: 12.734 GC heap after
{Heap after GC invocations=10 (full 0):
 garbage-first heap   total 110592K, used 52108K [0x000000068cc00000, 0x0000000800000000)
  region size 4096K, 1 young (4096K), 1 survivors (4096K)
 Metaspace       used 40751K, capacity 41079K, committed 41776K, reserved 1085440K
  class space    used 5091K, capacity 5174K, committed 5248K, reserved 1048576K
}
Event: 14.802 GC heap before
{Heap before GC invocations=10 (full 0):
 garbage-first heap   total 110592K, used 76684K [0x000000068cc00000, 0x0000000800000000)
  region size 4096K, 7 young (28672K), 1 survivors (4096K)
 Metaspace       used 43124K, capacity 43458K, committed 44080K, reserved 1087488K
  class space    used 5646K, capacity 5752K, committed 5760K, reserved 1048576K
}
Event: 14.805 GC heap after
{Heap after GC invocations=11 (full 0):
 garbage-first heap   total 110592K, used 57882K [0x000000068cc00000, 0x0000000800000000)
  region size 4096K, 1 young (4096K), 1 survivors (4096K)
 Metaspace       used 43124K, capacity 43458K, committed 44080K, reserved 1087488K
  class space    used 5646K, capacity 5752K, committed 5760K, reserved 1048576K
}
Event: 15.128 GC heap before
{Heap before GC invocations=11 (full 0):
 garbage-first heap   total 110592K, used 74266K [0x000000068cc00000, 0x0000000800000000)
  region size 4096K, 6 young (24576K), 1 survivors (4096K)
 Metaspace       used 43996K, capacity 44261K, committed 45104K, reserved 1089536K
  class space    used 5816K, capacity 5913K, committed 6016K, reserved 1048576K
}
Event: 15.132 GC heap after
{Heap after GC invocations=12 (full 0):
 garbage-first heap   total 110592K, used 64523K [0x000000068cc00000, 0x0000000800000000)
  region size 4096K, 1 young (4096K), 1 survivors (4096K)
 Metaspace       used 43996K, capacity 44261K, committed 45104K, reserved 1089536K
  class space    used 5816K, capacity 5913K, committed 6016K, reserved 1048576K
}
Event: 15.284 GC heap before
{Heap before GC invocations=13 (full 0):
 garbage-first heap   total 118784K, used 72715K [0x000000068cc00000, 0x0000000800000000)
  region size 4096K, 4 young (16384K), 1 survivors (4096K)
 Metaspace       used 44367K, capacity 44677K, committed 45360K, reserved 1089536K
  class space    used 5922K, capacity 6009K, committed 6016K, reserved 1048576K
}
Event: 15.288 GC heap after
{Heap after GC invocations=14 (full 0):
 garbage-first heap   total 118784K, used 68599K [0x000000068cc00000, 0x0000000800000000)
  region size 4096K, 1 young (4096K), 1 survivors (4096K)
 Metaspace       used 44367K, capacity 44677K, committed 45360K, reserved 1089536K
  class space    used 5922K, capacity 6009K, committed 6016K, reserved 1048576K
}
Event: 15.405 GC heap before
{Heap before GC invocations=15 (full 0):
 garbage-first heap   total 151552K, used 93175K [0x000000068cc00000, 0x0000000800000000)
  region size 4096K, 5 young (20480K), 1 survivors (4096K)
 Metaspace       used 44645K, capacity 44934K, committed 45744K, reserved 1089536K
  class space    used 5992K, capacity 6073K, committed 6144K, reserved 1048576K
}
Event: 15.408 GC heap after
{Heap after GC invocations=16 (full 0):
 garbage-first heap   total 151552K, used 83119K [0x000000068cc00000, 0x0000000800000000)
  region size 4096K, 1 young (4096K), 1 survivors (4096K)
 Metaspace       used 44645K, capacity 44934K, committed 45744K, reserved 1089536K
  class space    used 5992K, capacity 6073K, committed 6144K, reserved 1048576K
}
Event: 15.665 GC heap before
{Heap before GC invocations=16 (full 0):
 garbage-first heap   total 151552K, used 111791K [0x000000068cc00000, 0x0000000800000000)
  region size 4096K, 8 young (32768K), 1 survivors (4096K)
 Metaspace       used 45305K, capacity 45574K, committed 46384K, reserved 1089536K
  class space    used 6181K, capacity 6265K, committed 6272K, reserved 1048576K
}
Event: 15.671 GC heap after
{Heap after GC invocations=17 (full 0):
 garbage-first heap   total 151552K, used 91402K [0x000000068cc00000, 0x0000000800000000)
  region size 4096K, 1 young (4096K), 1 survivors (4096K)
 Metaspace       used 45305K, capacity 45574K, committed 46384K, reserved 1089536K
  class space    used 6181K, capacity 6265K, committed 6272K, reserved 1048576K
}
Event: 15.932 GC heap before
{Heap before GC invocations=18 (full 0):
 garbage-first heap   total 163840K, used 107786K [0x000000068cc00000, 0x0000000800000000)
  region size 4096K, 6 young (24576K), 1 survivors (4096K)
 Metaspace       used 46040K, capacity 46342K, committed 47024K, reserved 1089536K
  class space    used 6298K, capacity 6393K, committed 6400K, reserved 1048576K
}
Event: 15.938 GC heap after
{Heap after GC invocations=19 (full 0):
 garbage-first heap   total 163840K, used 98767K [0x000000068cc00000, 0x0000000800000000)
  region size 4096K, 1 young (4096K), 1 survivors (4096K)
 Metaspace       used 46040K, capacity 46342K, committed 47024K, reserved 1089536K
  class space    used 6298K, capacity 6393K, committed 6400K, reserved 1048576K
}
Event: 24.696 GC heap before
{Heap before GC invocations=20 (full 0):
 garbage-first heap   total 200704K, used 131535K [0x000000068cc00000, 0x0000000800000000)
  region size 4096K, 7 young (28672K), 1 survivors (4096K)
 Metaspace       used 47870K, capacity 48190K, committed 48944K, reserved 1091584K
  class space    used 6400K, capacity 6490K, committed 6528K, reserved 1048576K
}
Event: 24.698 GC heap after
{Heap after GC invocations=21 (full 0):
 garbage-first heap   total 200704K, used 108670K [0x000000068cc00000, 0x0000000800000000)
  region size 4096K, 1 young (4096K), 1 survivors (4096K)
 Metaspace       used 47870K, capacity 48190K, committed 48944K, reserved 1091584K
  class space    used 6400K, capacity 6490K, committed 6528K, reserved 1048576K
}
Event: 29.828 GC heap before
{Heap before GC invocations=21 (full 0):
 garbage-first heap   total 200704K, used 149630K [0x000000068cc00000, 0x0000000800000000)
  region size 4096K, 11 young (45056K), 1 survivors (4096K)
 Metaspace       used 49343K, capacity 49668K, committed 50480K, reserved 1093632K
  class space    used 6658K, capacity 6748K, committed 6784K, reserved 1048576K
}
Event: 29.833 GC heap after
{Heap after GC invocations=22 (full 0):
 garbage-first heap   total 200704K, used 116466K [0x000000068cc00000, 0x0000000800000000)
  region size 4096K, 2 young (8192K), 2 survivors (8192K)
 Metaspace       used 49343K, capacity 49668K, committed 50480K, reserved 1093632K
  class space    used 6658K, capacity 6748K, committed 6784K, reserved 1048576K
}

